<?xml version="1.0" encoding="UTF-8" standalone="no"?>
<testsuite errors="0" failures="1" name="io.cucumber.core.plugin.JUnitFormatter" skipped="0" tests="1" time="73.36">
    <testcase classname="Login Action with parameter" name="Successful Login with Valid Credentials and parameter 2." time="72.87">
        <failure message="Unable to locate element: //div[text()=&quot;Sauce Labs Backpack&quot;]&#10;For documentation on this error, please visit: https://www.seleniumhq.org/exceptions/no_such_element.html&#10;Build info: version: '3.141.59', revision: 'e82be7d358', time: '2018-11-14T08:17:03'&#10;System info: host: 'manoj-Latitude-3510', ip: '127.0.1.1', os.name: 'Linux', os.arch: 'amd64', os.version: '5.4.0-117-generic', java.version: '18.0.1.1'&#10;Driver info: org.openqa.selenium.firefox.FirefoxDriver&#10;Capabilities {acceptInsecureCerts: true, browserName: firefox, browserVersion: 100.0.2, javascriptEnabled: true, moz:accessibilityChecks: false, moz:buildID: 20220519220738, moz:geckodriverVersion: 0.31.0, moz:headless: false, moz:processID: 12215, moz:profile: /tmp/rust_mozprofileeTfig9, moz:shutdownTimeout: 60000, moz:useNonSpecCompliantPointerOrigin: false, moz:webdriverClick: true, pageLoadStrategy: normal, platform: LINUX, platformName: LINUX, platformVersion: 5.4.0-117-generic, proxy: Proxy(), setWindowRect: true, strictFileInteractability: false, timeouts: {implicit: 0, pageLoad: 300000, script: 30000}, unhandledPromptBehavior: dismiss and notify}&#10;Session ID: 3a6a7183-0962-4b7d-a3b7-2b14b70740fb&#10;*** Element info: {Using=xpath, value=//div[text()=&quot;Sauce Labs Backpack&quot;]}" type="org.openqa.selenium.NoSuchElementException"><![CDATA[Given User is on Home Page..................................................passed
When User enters "standard_user1" and "secret_sauce1".......................passed
Then Message displayed Login Successfully...................................passed
And Select the item.........................................................failed
And click on Add to cart icon...............................................skipped
And Click on checkout icon..................................................skipped
Then Checkout the item......................................................skipped
And Enter the "Rohit","Joshi" and "201303"..................................skipped
And Click on Continue.......................................................skipped
And Validate the details....................................................skipped
And Click on Finish button..................................................skipped
And Verify the order dispatch message.......................................skipped
And Click on Back home button...............................................skipped
And close the browser.......................................................skipped

StackTrace:
org.openqa.selenium.NoSuchElementException: Unable to locate element: //div[text()="Sauce Labs Backpack"]
For documentation on this error, please visit: https://www.seleniumhq.org/exceptions/no_such_element.html
Build info: version: '3.141.59', revision: 'e82be7d358', time: '2018-11-14T08:17:03'
System info: host: 'manoj-Latitude-3510', ip: '127.0.1.1', os.name: 'Linux', os.arch: 'amd64', os.version: '5.4.0-117-generic', java.version: '18.0.1.1'
Driver info: org.openqa.selenium.firefox.FirefoxDriver
Capabilities {acceptInsecureCerts: true, browserName: firefox, browserVersion: 100.0.2, javascriptEnabled: true, moz:accessibilityChecks: false, moz:buildID: 20220519220738, moz:geckodriverVersion: 0.31.0, moz:headless: false, moz:processID: 12215, moz:profile: /tmp/rust_mozprofileeTfig9, moz:shutdownTimeout: 60000, moz:useNonSpecCompliantPointerOrigin: false, moz:webdriverClick: true, pageLoadStrategy: normal, platform: LINUX, platformName: LINUX, platformVersion: 5.4.0-117-generic, proxy: Proxy(), setWindowRect: true, strictFileInteractability: false, timeouts: {implicit: 0, pageLoad: 300000, script: 30000}, unhandledPromptBehavior: dismiss and notify}
Session ID: 3a6a7183-0962-4b7d-a3b7-2b14b70740fb
*** Element info: {Using=xpath, value=//div[text()="Sauce Labs Backpack"]}
	at java.base/jdk.internal.reflect.DirectConstructorHandleAccessor.newInstance(DirectConstructorHandleAccessor.java:67)
	at java.base/java.lang.reflect.Constructor.newInstanceWithCaller(Constructor.java:499)
	at java.base/java.lang.reflect.Constructor.newInstance(Constructor.java:483)
	at org.openqa.selenium.remote.http.W3CHttpResponseCodec.createException(W3CHttpResponseCodec.java:187)
	at org.openqa.selenium.remote.http.W3CHttpResponseCodec.decode(W3CHttpResponseCodec.java:122)
	at org.openqa.selenium.remote.http.W3CHttpResponseCodec.decode(W3CHttpResponseCodec.java:49)
	at org.openqa.selenium.remote.HttpCommandExecutor.execute(HttpCommandExecutor.java:158)
	at org.openqa.selenium.remote.service.DriverCommandExecutor.execute(DriverCommandExecutor.java:83)
	at org.openqa.selenium.remote.RemoteWebDriver.execute(RemoteWebDriver.java:552)
	at org.openqa.selenium.remote.RemoteWebDriver.findElement(RemoteWebDriver.java:323)
	at org.openqa.selenium.remote.RemoteWebDriver.findElementByXPath(RemoteWebDriver.java:428)
	at org.openqa.selenium.By$ByXPath.findElement(By.java:353)
	at org.openqa.selenium.remote.RemoteWebDriver.findElement(RemoteWebDriver.java:315)
	at stepDefinitions.Steps.select_the_item(Steps.java:44)
	at âœ½.Select the item.(file:///home/manoj/IdeaProjects/HCLSDET/src/test/java/Features/login.feature:27)
]]></failure>
    </testcase>
</testsuite>
